2023-04-17 12:05:38 [main] INFO  d.g.TwitterToKafkaServiceApplication - Starting TwitterToKafkaServiceApplication using Java 17.0.5 on DESKTOP-G5IPVE5 with PID 7560 (D:\WORKSPACE\JAVA_MICROSERVICES_Spring-Boot_Kafka_Elasticsearch\twitter-to-kafka-service\target\classes started by Honza in D:\WORKSPACE\JAVA_MICROSERVICES_Spring-Boot_Kafka_Elasticsearch)
2023-04-17 12:05:38 [main] INFO  d.g.TwitterToKafkaServiceApplication - No active profile set, falling back to 1 default profile: "default"
2023-04-17 12:05:39 [main] INFO  d.g.TwitterToKafkaServiceApplication - Started TwitterToKafkaServiceApplication in 0.728 seconds (JVM running for 1.413)
2023-04-17 12:05:39 [main] INFO  d.g.TwitterToKafkaServiceApplication - App starts...
2023-04-17 12:05:39 [main] INFO  d.g.TwitterToKafkaServiceApplication - Hello Spring Microservices world!
2023-04-17 12:05:39 [main] INFO  d.g.TwitterToKafkaServiceApplication - [Java, Microservices, Spring, Kafka, Elastisearch]
2023-04-17 12:05:39 [Twitter Stream consumer /  [1][initializing]] INFO  twitter4j.TwitterStreamImpl - Establishing connection.
2023-04-17 12:05:39 [main] INFO  d.g.r.impl.TwitterKafkaStreamRunner - Started filtering twitter stream for keywords [Java, Microservices, Spring, Kafka, Elastisearch]
2023-04-17 12:05:39 [Twitter Stream consumer /  [1][Establishing connection]] INFO  twitter4j.TwitterStreamImpl - https://stream.twitter.com/1.1/statuses/filter.json
2023-04-17 12:05:39 [Twitter Stream consumer /  [1][Establishing connection]] INFO  twitter4j.TwitterStreamImpl - Waiting for 250 milliseconds
2023-04-17 12:05:40 [Twitter Stream consumer /  [1][Waiting for 250 milliseconds]] INFO  twitter4j.TwitterStreamImpl - Establishing connection.
2023-04-17 12:05:40 [Twitter Stream consumer /  [1][Establishing connection]] INFO  twitter4j.TwitterStreamImpl - https://stream.twitter.com/1.1/statuses/filter.json
2023-04-17 12:05:40 [Twitter Stream consumer /  [1][Establishing connection]] INFO  twitter4j.TwitterStreamImpl - Waiting for 500 milliseconds
2023-04-17 12:05:40 [Twitter Stream consumer /  [1][Waiting for 500 milliseconds]] INFO  twitter4j.TwitterStreamImpl - Establishing connection.
2023-04-17 12:05:41 [Twitter Stream consumer /  [1][Establishing connection]] INFO  twitter4j.TwitterStreamImpl - https://stream.twitter.com/1.1/statuses/filter.json
2023-04-17 12:05:41 [Twitter Stream consumer /  [1][Establishing connection]] INFO  twitter4j.TwitterStreamImpl - Waiting for 1000 milliseconds
2023-04-17 12:05:42 [Twitter Stream consumer /  [1][Waiting for 1000 milliseconds]] INFO  twitter4j.TwitterStreamImpl - Establishing connection.
2023-04-17 12:05:42 [Twitter Stream consumer /  [1][Establishing connection]] INFO  twitter4j.TwitterStreamImpl - https://stream.twitter.com/1.1/statuses/filter.json
2023-04-17 12:05:42 [Twitter Stream consumer /  [1][Establishing connection]] INFO  twitter4j.TwitterStreamImpl - Waiting for 2000 milliseconds
2023-04-17 12:05:44 [Twitter Stream consumer /  [1][Waiting for 2000 milliseconds]] INFO  twitter4j.TwitterStreamImpl - Establishing connection.
2023-04-17 12:05:44 [Twitter Stream consumer /  [1][Establishing connection]] INFO  twitter4j.TwitterStreamImpl - https://stream.twitter.com/1.1/statuses/filter.json
2023-04-17 12:05:44 [Twitter Stream consumer /  [1][Establishing connection]] INFO  twitter4j.TwitterStreamImpl - Waiting for 4000 milliseconds
2023-04-17 12:05:48 [Twitter Stream consumer /  [1][Waiting for 4000 milliseconds]] INFO  twitter4j.TwitterStreamImpl - Establishing connection.
2023-04-17 12:05:48 [Twitter Stream consumer /  [1][Establishing connection]] INFO  twitter4j.TwitterStreamImpl - https://stream.twitter.com/1.1/statuses/filter.json
2023-04-17 12:05:48 [Twitter Stream consumer /  [1][Establishing connection]] INFO  twitter4j.TwitterStreamImpl - Waiting for 8000 milliseconds
2023-04-17 12:05:56 [Twitter Stream consumer /  [1][Waiting for 8000 milliseconds]] INFO  twitter4j.TwitterStreamImpl - Establishing connection.
2023-04-17 12:05:57 [Twitter Stream consumer /  [1][Establishing connection]] INFO  twitter4j.TwitterStreamImpl - https://stream.twitter.com/1.1/statuses/filter.json
2023-04-17 12:05:57 [Twitter Stream consumer /  [1][Establishing connection]] INFO  twitter4j.TwitterStreamImpl - Waiting for 16000 milliseconds
2023-04-17 12:05:58 [SpringApplicationShutdownHook] INFO  d.g.r.impl.TwitterKafkaStreamRunner - Closing twitter stream!
2023-04-17 12:12:10 [main] INFO  d.g.TwitterToKafkaServiceApplication - Starting TwitterToKafkaServiceApplication using Java 17.0.5 on DESKTOP-G5IPVE5 with PID 12220 (D:\WORKSPACE\JAVA_MICROSERVICES_Spring-Boot_Kafka_Elasticsearch\twitter-to-kafka-service\target\classes started by Honza in D:\WORKSPACE\JAVA_MICROSERVICES_Spring-Boot_Kafka_Elasticsearch)
2023-04-17 12:12:10 [main] INFO  d.g.TwitterToKafkaServiceApplication - No active profile set, falling back to 1 default profile: "default"
2023-04-17 12:12:10 [main] INFO  d.g.TwitterToKafkaServiceApplication - Started TwitterToKafkaServiceApplication in 0.611 seconds (JVM running for 1.053)
2023-04-17 12:12:10 [main] INFO  d.g.TwitterToKafkaServiceApplication - App starts...
2023-04-17 12:12:10 [main] INFO  d.g.TwitterToKafkaServiceApplication - Hello Spring Microservices world!
2023-04-17 12:12:10 [main] INFO  d.g.TwitterToKafkaServiceApplication - [Java, Microservices, Spring, Kafka, Elastisearch]
2023-04-17 12:12:10 [Twitter Stream consumer /  [1][initializing]] INFO  twitter4j.TwitterStreamImpl - Establishing connection.
2023-04-17 12:12:10 [main] INFO  d.g.r.impl.TwitterKafkaStreamRunner - Started filtering twitter stream for keywords [Java, Microservices, Spring, Kafka, Elastisearch]
2023-04-17 12:12:11 [Twitter Stream consumer /  [1][Establishing connection]] INFO  twitter4j.TwitterStreamImpl - https://stream.twitter.com/1.1/statuses/filter.json
2023-04-17 12:12:11 [Twitter Stream consumer /  [1][Establishing connection]] INFO  twitter4j.TwitterStreamImpl - Waiting for 250 milliseconds
2023-04-17 12:12:11 [Twitter Stream consumer /  [1][Waiting for 250 milliseconds]] INFO  twitter4j.TwitterStreamImpl - Establishing connection.
2023-04-17 12:12:11 [Twitter Stream consumer /  [1][Establishing connection]] INFO  twitter4j.TwitterStreamImpl - https://stream.twitter.com/1.1/statuses/filter.json
2023-04-17 12:12:11 [Twitter Stream consumer /  [1][Establishing connection]] INFO  twitter4j.TwitterStreamImpl - Waiting for 500 milliseconds
2023-04-17 12:12:12 [Twitter Stream consumer /  [1][Waiting for 500 milliseconds]] INFO  twitter4j.TwitterStreamImpl - Establishing connection.
2023-04-17 12:12:12 [Twitter Stream consumer /  [1][Establishing connection]] INFO  twitter4j.TwitterStreamImpl - https://stream.twitter.com/1.1/statuses/filter.json
2023-04-17 12:12:12 [Twitter Stream consumer /  [1][Establishing connection]] INFO  twitter4j.TwitterStreamImpl - Waiting for 1000 milliseconds
2023-04-17 12:12:13 [Twitter Stream consumer /  [1][Waiting for 1000 milliseconds]] INFO  twitter4j.TwitterStreamImpl - Establishing connection.
2023-04-17 12:12:13 [Twitter Stream consumer /  [1][Establishing connection]] INFO  twitter4j.TwitterStreamImpl - https://stream.twitter.com/1.1/statuses/filter.json
2023-04-17 12:12:13 [Twitter Stream consumer /  [1][Establishing connection]] INFO  twitter4j.TwitterStreamImpl - Waiting for 2000 milliseconds
2023-04-17 12:12:15 [Twitter Stream consumer /  [1][Waiting for 2000 milliseconds]] INFO  twitter4j.TwitterStreamImpl - Establishing connection.
2023-04-17 12:12:15 [Twitter Stream consumer /  [1][Establishing connection]] INFO  twitter4j.TwitterStreamImpl - https://stream.twitter.com/1.1/statuses/filter.json
2023-04-17 12:12:15 [Twitter Stream consumer /  [1][Establishing connection]] INFO  twitter4j.TwitterStreamImpl - Waiting for 4000 milliseconds
2023-04-17 12:12:19 [Twitter Stream consumer /  [1][Waiting for 4000 milliseconds]] INFO  twitter4j.TwitterStreamImpl - Establishing connection.
2023-04-17 12:12:20 [Twitter Stream consumer /  [1][Establishing connection]] INFO  twitter4j.TwitterStreamImpl - https://stream.twitter.com/1.1/statuses/filter.json
2023-04-17 12:12:20 [Twitter Stream consumer /  [1][Establishing connection]] INFO  twitter4j.TwitterStreamImpl - Waiting for 8000 milliseconds
2023-04-17 12:12:28 [Twitter Stream consumer /  [1][Waiting for 8000 milliseconds]] INFO  twitter4j.TwitterStreamImpl - Establishing connection.
2023-04-17 12:12:28 [Twitter Stream consumer /  [1][Establishing connection]] INFO  twitter4j.TwitterStreamImpl - https://stream.twitter.com/1.1/statuses/filter.json
2023-04-17 12:12:28 [Twitter Stream consumer /  [1][Establishing connection]] INFO  twitter4j.TwitterStreamImpl - Waiting for 16000 milliseconds
2023-04-17 12:12:44 [Twitter Stream consumer /  [1][Waiting for 16000 milliseconds]] INFO  twitter4j.TwitterStreamImpl - Establishing connection.
2023-04-17 12:12:44 [Twitter Stream consumer /  [1][Establishing connection]] INFO  twitter4j.TwitterStreamImpl - https://stream.twitter.com/1.1/statuses/filter.json
2023-04-17 12:12:44 [Twitter Stream consumer /  [1][Establishing connection]] INFO  twitter4j.TwitterStreamImpl - Waiting for 16000 milliseconds
2023-04-17 12:13:00 [Twitter Stream consumer /  [1][Waiting for 16000 milliseconds]] INFO  twitter4j.TwitterStreamImpl - Establishing connection.
2023-04-17 12:13:00 [Twitter Stream consumer /  [1][Establishing connection]] INFO  twitter4j.TwitterStreamImpl - https://stream.twitter.com/1.1/statuses/filter.json
2023-04-17 12:13:00 [Twitter Stream consumer /  [1][Establishing connection]] INFO  twitter4j.TwitterStreamImpl - Waiting for 16000 milliseconds
2023-04-17 12:13:16 [Twitter Stream consumer /  [1][Waiting for 16000 milliseconds]] INFO  twitter4j.TwitterStreamImpl - Establishing connection.
2023-04-17 12:13:17 [Twitter Stream consumer /  [1][Establishing connection]] INFO  twitter4j.TwitterStreamImpl - https://stream.twitter.com/1.1/statuses/filter.json
2023-04-17 12:13:17 [Twitter Stream consumer /  [1][Establishing connection]] INFO  twitter4j.TwitterStreamImpl - Waiting for 16000 milliseconds
2023-04-17 12:13:33 [Twitter Stream consumer /  [1][Waiting for 16000 milliseconds]] INFO  twitter4j.TwitterStreamImpl - Establishing connection.
2023-04-17 12:13:33 [Twitter Stream consumer /  [1][Establishing connection]] INFO  twitter4j.TwitterStreamImpl - https://stream.twitter.com/1.1/statuses/filter.json
2023-04-17 12:13:33 [Twitter Stream consumer /  [1][Establishing connection]] INFO  twitter4j.TwitterStreamImpl - Waiting for 16000 milliseconds
2023-04-17 12:13:49 [Twitter Stream consumer /  [1][Waiting for 16000 milliseconds]] INFO  twitter4j.TwitterStreamImpl - Establishing connection.
2023-04-17 12:13:49 [Twitter Stream consumer /  [1][Establishing connection]] INFO  twitter4j.TwitterStreamImpl - https://stream.twitter.com/1.1/statuses/filter.json
2023-04-17 12:13:49 [Twitter Stream consumer /  [1][Establishing connection]] INFO  twitter4j.TwitterStreamImpl - Waiting for 16000 milliseconds
2023-04-17 12:13:53 [SpringApplicationShutdownHook] INFO  d.g.r.impl.TwitterKafkaStreamRunner - Closing twitter stream!
2023-04-17 12:18:33 [main] INFO  d.g.TwitterToKafkaServiceApplication - Starting TwitterToKafkaServiceApplication using Java 17.0.5 on DESKTOP-G5IPVE5 with PID 15992 (D:\WORKSPACE\JAVA_MICROSERVICES_Spring-Boot_Kafka_Elasticsearch\twitter-to-kafka-service\target\classes started by Honza in D:\WORKSPACE\JAVA_MICROSERVICES_Spring-Boot_Kafka_Elasticsearch)
2023-04-17 12:18:33 [main] INFO  d.g.TwitterToKafkaServiceApplication - No active profile set, falling back to 1 default profile: "default"
2023-04-17 12:18:33 [main] INFO  d.g.TwitterToKafkaServiceApplication - Started TwitterToKafkaServiceApplication in 0.632 seconds (JVM running for 1.158)
2023-04-17 12:18:33 [main] INFO  d.g.TwitterToKafkaServiceApplication - App starts...
2023-04-17 12:18:33 [main] INFO  d.g.TwitterToKafkaServiceApplication - Hello Spring Microservices world!
2023-04-17 12:18:33 [main] INFO  d.g.TwitterToKafkaServiceApplication - [Java, Microservices, Spring, Kafka, Elastisearch]
2023-04-17 12:18:33 [Twitter Stream consumer /  [1][initializing]] INFO  twitter4j.TwitterStreamImpl - Establishing connection.
2023-04-17 12:18:33 [main] INFO  d.g.r.impl.TwitterKafkaStreamRunner - Started filtering twitter stream for keywords [Java, Microservices, Spring, Kafka, Elastisearch]
2023-04-17 12:18:34 [Twitter Stream consumer /  [1][Establishing connection]] INFO  twitter4j.TwitterStreamImpl - https://stream.twitter.com/1.1/statuses/filter.json
2023-04-17 12:18:34 [Twitter Stream consumer /  [1][Establishing connection]] INFO  twitter4j.TwitterStreamImpl - Waiting for 250 milliseconds
2023-04-17 12:18:34 [Twitter Stream consumer /  [1][Waiting for 250 milliseconds]] INFO  twitter4j.TwitterStreamImpl - Establishing connection.
2023-04-17 12:18:34 [Twitter Stream consumer /  [1][Establishing connection]] INFO  twitter4j.TwitterStreamImpl - https://stream.twitter.com/1.1/statuses/filter.json
2023-04-17 12:18:34 [Twitter Stream consumer /  [1][Establishing connection]] INFO  twitter4j.TwitterStreamImpl - Waiting for 500 milliseconds
2023-04-17 12:18:35 [Twitter Stream consumer /  [1][Waiting for 500 milliseconds]] INFO  twitter4j.TwitterStreamImpl - Establishing connection.
2023-04-17 12:18:35 [Twitter Stream consumer /  [1][Establishing connection]] INFO  twitter4j.TwitterStreamImpl - https://stream.twitter.com/1.1/statuses/filter.json
2023-04-17 12:18:35 [Twitter Stream consumer /  [1][Establishing connection]] INFO  twitter4j.TwitterStreamImpl - Waiting for 1000 milliseconds
2023-04-17 12:18:36 [Twitter Stream consumer /  [1][Waiting for 1000 milliseconds]] INFO  twitter4j.TwitterStreamImpl - Establishing connection.
2023-04-17 12:18:36 [Twitter Stream consumer /  [1][Establishing connection]] INFO  twitter4j.TwitterStreamImpl - https://stream.twitter.com/1.1/statuses/filter.json
2023-04-17 12:18:36 [Twitter Stream consumer /  [1][Establishing connection]] INFO  twitter4j.TwitterStreamImpl - Waiting for 2000 milliseconds
2023-04-17 12:18:38 [Twitter Stream consumer /  [1][Waiting for 2000 milliseconds]] INFO  twitter4j.TwitterStreamImpl - Establishing connection.
2023-04-17 12:18:38 [Twitter Stream consumer /  [1][Establishing connection]] INFO  twitter4j.TwitterStreamImpl - https://stream.twitter.com/1.1/statuses/filter.json
2023-04-17 12:18:38 [Twitter Stream consumer /  [1][Establishing connection]] INFO  twitter4j.TwitterStreamImpl - Waiting for 4000 milliseconds
2023-04-17 12:18:42 [Twitter Stream consumer /  [1][Waiting for 4000 milliseconds]] INFO  twitter4j.TwitterStreamImpl - Establishing connection.
2023-04-17 12:18:43 [SpringApplicationShutdownHook] INFO  d.g.r.impl.TwitterKafkaStreamRunner - Closing twitter stream!
2023-04-17 14:31:09 [main] INFO  d.g.TwitterToKafkaServiceApplication - Starting TwitterToKafkaServiceApplication using Java 17.0.5 on DESKTOP-G5IPVE5 with PID 2152 (D:\WORKSPACE\JAVA_MICROSERVICES_Spring-Boot_Kafka_Elasticsearch\twitter-to-kafka-service\target\classes started by Honza in D:\WORKSPACE\JAVA_MICROSERVICES_Spring-Boot_Kafka_Elasticsearch)
2023-04-17 14:31:09 [main] INFO  d.g.TwitterToKafkaServiceApplication - No active profile set, falling back to 1 default profile: "default"
2023-04-17 14:31:10 [main] INFO  d.g.TwitterToKafkaServiceApplication - Started TwitterToKafkaServiceApplication in 2.237 seconds (JVM running for 7.016)
2023-04-17 14:31:10 [main] INFO  d.g.TwitterToKafkaServiceApplication - App starts...
2023-04-17 14:31:10 [main] INFO  d.g.TwitterToKafkaServiceApplication - Hello Spring Microservices world!
2023-04-17 14:31:10 [main] INFO  d.g.TwitterToKafkaServiceApplication - [Java, Microservices, Spring, Kafka, Elastisearch]
2023-04-17 14:31:11 [Twitter Stream consumer /  [1][initializing]] INFO  twitter4j.TwitterStreamImpl - Establishing connection.
2023-04-17 14:31:11 [main] INFO  d.g.r.impl.TwitterKafkaStreamRunner - Started filtering twitter stream for keywords [Java, Microservices, Spring, Kafka, Elastisearch]
2023-04-17 14:31:11 [Twitter Stream consumer /  [1][Establishing connection]] INFO  twitter4j.TwitterStreamImpl - https://stream.twitter.com/1.1/statuses/filter.json
2023-04-17 14:31:11 [Twitter Stream consumer /  [1][Establishing connection]] INFO  twitter4j.TwitterStreamImpl - Waiting for 250 milliseconds
2023-04-17 14:31:12 [Twitter Stream consumer /  [1][Waiting for 250 milliseconds]] INFO  twitter4j.TwitterStreamImpl - Establishing connection.
2023-04-17 14:31:12 [Twitter Stream consumer /  [1][Establishing connection]] INFO  twitter4j.TwitterStreamImpl - https://stream.twitter.com/1.1/statuses/filter.json
2023-04-17 14:31:12 [Twitter Stream consumer /  [1][Establishing connection]] INFO  twitter4j.TwitterStreamImpl - Waiting for 500 milliseconds
2023-04-17 14:31:13 [Twitter Stream consumer /  [1][Waiting for 500 milliseconds]] INFO  twitter4j.TwitterStreamImpl - Establishing connection.
2023-04-17 14:31:13 [Twitter Stream consumer /  [1][Establishing connection]] INFO  twitter4j.TwitterStreamImpl - https://stream.twitter.com/1.1/statuses/filter.json
2023-04-17 14:31:13 [Twitter Stream consumer /  [1][Establishing connection]] INFO  twitter4j.TwitterStreamImpl - Waiting for 1000 milliseconds
2023-04-17 14:31:14 [Twitter Stream consumer /  [1][Waiting for 1000 milliseconds]] INFO  twitter4j.TwitterStreamImpl - Establishing connection.
2023-04-17 14:31:14 [Twitter Stream consumer /  [1][Establishing connection]] INFO  twitter4j.TwitterStreamImpl - https://stream.twitter.com/1.1/statuses/filter.json
2023-04-17 14:31:14 [Twitter Stream consumer /  [1][Establishing connection]] INFO  twitter4j.TwitterStreamImpl - Waiting for 2000 milliseconds
2023-04-17 14:31:16 [Twitter Stream consumer /  [1][Waiting for 2000 milliseconds]] INFO  twitter4j.TwitterStreamImpl - Establishing connection.
2023-04-17 14:31:16 [Twitter Stream consumer /  [1][Establishing connection]] INFO  twitter4j.TwitterStreamImpl - https://stream.twitter.com/1.1/statuses/filter.json
2023-04-17 14:31:16 [Twitter Stream consumer /  [1][Establishing connection]] INFO  twitter4j.TwitterStreamImpl - Waiting for 4000 milliseconds
2023-04-17 14:31:20 [Twitter Stream consumer /  [1][Waiting for 4000 milliseconds]] INFO  twitter4j.TwitterStreamImpl - Establishing connection.
2023-04-17 14:31:21 [Twitter Stream consumer /  [1][Establishing connection]] INFO  twitter4j.TwitterStreamImpl - https://stream.twitter.com/1.1/statuses/filter.json
2023-04-17 14:31:21 [Twitter Stream consumer /  [1][Establishing connection]] INFO  twitter4j.TwitterStreamImpl - Waiting for 8000 milliseconds
2023-04-17 14:31:28 [SpringApplicationShutdownHook] INFO  d.g.r.impl.TwitterKafkaStreamRunner - Closing twitter stream!
